<?xml version="1.0" encoding="UTF-8"?>
<!-- Generated by org.testng.reporters.JUnitReportReporter -->
<testsuite hostname="DESKTOP-BUBG3N0" failures="0" tests="1" name="testCases.LoginTestCase" time="18.759" errors="0" timestamp="2022-10-08T15:06:53 IST" skipped="0">
  <testcase classname="testCases.LoginTestCase" name="login" time="18.759"/>
  <system-out/>
</testsuite> <!-- testCases.LoginTestCase -->
